2021-02-14 15:20:44	This log contains information about the import schema operation into project 'Consid database Template' on computer 'DESKTOP-GUH581A' by user 'Joachim'.
2021-02-14 15:20:44	Import of database schema has started.
2021-02-14 15:20:48	Gathering database options
2021-02-14 15:20:48	Gathering users
2021-02-14 15:20:48	Gathering roles
2021-02-14 15:20:48	Gathering application roles
2021-02-14 15:20:48	Gathering role memberships
2021-02-14 15:20:48	Gathering filegroups
2021-02-14 15:20:48	Gathering full-text catalogs
2021-02-14 15:20:48	Gathering assemblies
2021-02-14 15:20:48	Gathering certificates
2021-02-14 15:20:48	Gathering asymmetric keys
2021-02-14 15:20:48	Gathering symmetric keys
2021-02-14 15:20:48	Gathering encrypted symmetric keys
2021-02-14 15:20:48	Gathering schemas
2021-02-14 15:20:48	Gathering XML schema collections
2021-02-14 15:20:48	Gathering user-defined data types
2021-02-14 15:20:48	Gathering user-defined types
2021-02-14 15:20:48	Gathering table types
2021-02-14 15:20:48	Gathering unique keys for table types
2021-02-14 15:20:48	Gathering primary keys for table types
2021-02-14 15:20:48	Gathering indexes for table types
2021-02-14 15:20:48	Gathering check constraints for table types
2021-02-14 15:20:48	Gathering default constraints for table types
2021-02-14 15:20:48	Gathering partition functions
2021-02-14 15:20:48	Gathering partition schemes
2021-02-14 15:20:48	Gathering functions
2021-02-14 15:20:48	Gathering encrypted functions
2021-02-14 15:20:48	Gathering aggregates
2021-02-14 15:20:48	Gathering procedures
2021-02-14 15:20:48	Gathering encrypted procedures
2021-02-14 15:20:48	Gathering tables
2021-02-14 15:20:48	Gathering primary keys
2021-02-14 15:20:48	Gathering unique constraints
2021-02-14 15:20:48	Gathering foreign keys
2021-02-14 15:20:48	Gathering default constraints
2021-02-14 15:20:48	Gathering check constraints
2021-02-14 15:20:48	Gathering views
2021-02-14 15:20:48	Gathering encrypted views
2021-02-14 15:20:48	Gathering indexes
2021-02-14 15:20:48	Gathering statistics
2021-02-14 15:20:48	Gathering full-text index stoplists
2021-02-14 15:20:48	Gathering search property lists
2021-02-14 15:20:48	Gathering search properties
2021-02-14 15:20:48	Gathering full-text indexes
2021-02-14 15:20:48	Gathering column store indexes
2021-02-14 15:20:48	Gathering spatial indexes
2021-02-14 15:20:48	Gathering XML indexes
2021-02-14 15:20:48	Gathering Selective XML indexes
2021-02-14 15:20:48	Gathering encrypted triggers
2021-02-14 15:20:48	Gathering triggers
2021-02-14 15:20:48	Gathering encrypted and clr ddl triggers
2021-02-14 15:20:48	Gathering ddl triggers
2021-02-14 15:20:48	Gathering synonyms
2021-02-14 15:20:48	Gathering defaults
2021-02-14 15:20:48	Gathering data constraint uddt bindings
2021-02-14 15:20:48	Gathering rules
2021-02-14 15:20:48	Gathering data constraint uddt bindings
2021-02-14 15:20:48	Gathering message types
2021-02-14 15:20:48	Gathering queues
2021-02-14 15:20:48	Gathering contracts
2021-02-14 15:20:48	Gathering services
2021-02-14 15:20:48	Gathering event notifications
2021-02-14 15:20:48	Gathering remote service bindings
2021-02-14 15:20:48	Gathering broker priorities
2021-02-14 15:20:48	Gathering signatures
2021-02-14 15:20:48	Gathering data compression options
2021-02-14 15:20:48	Gathering sequence types
2021-02-14 15:20:48	Gathering security policies
2021-02-14 15:20:48	Gather column encryption keys
2021-02-14 15:20:48	Gathering column master keys
2021-02-14 15:20:48	Gathering external data sources
2021-02-14 15:20:48	Gathering external file formats
2021-02-14 15:20:48	Gathering external tables
2021-02-14 15:20:48	Gathering extended properties
2021-02-14 15:20:48	Gathering credentials
2021-02-14 15:20:48	Gathering logins
2021-02-14 15:20:48	Gathering server audits
2021-02-14 15:20:49	Scanning project for duplicate elements
2021-02-14 15:20:49	Finished duplicate element processing
2021-02-14 15:20:49	Finished importing database.
2021-02-14 15:20:49	A summary of the import was saved to the following location: C:\Users\Joachim\Documents\Visual Studio 2015\Projects\Joachim_Johnson_ConsidAplication\Consid database Template\Import Schema Logs\Consid database Temp_20210214022044.log
2021-02-14 15:20:49	Click Finish to continue...
